-------------------------------------------------------------------------------
Test set: es.uma.informatica.practica3.Practica3ApplicationTests$BaseDatosVacia
-------------------------------------------------------------------------------
Tests run: 3, Failures: 0, Errors: 0, Skipped: 0, Time elapsed: 1.057 s - in es.uma.informatica.practica3.Practica3ApplicationTests$BaseDatosVacia
es.uma.informatica.practica3.Practica3ApplicationTests$BaseDatosVacia.insertaIngrediente  Time elapsed: 0.045 s
es.uma.informatica.practica3.Practica3ApplicationTests$BaseDatosVacia.devuelveListaVaciaProductos  Time elapsed: 0.03 s
es.uma.informatica.practica3.Practica3ApplicationTests$BaseDatosVacia.errorConIngredienteConcreto  Time elapsed: 0.029 s
