-------------------------------------------------------------------------------
Test set: es.uma.informatica.practica3.Practica3ApplicationTests$BaseDatos1Producto1Ingrediente
-------------------------------------------------------------------------------
Tests run: 1, Failures: 0, Errors: 0, Skipped: 0, Time elapsed: 0.434 s - in es.uma.informatica.practica3.Practica3ApplicationTests$BaseDatos1Producto1Ingrediente
es.uma.informatica.practica3.Practica3ApplicationTests$BaseDatos1Producto1Ingrediente.nuevoProducto  Time elapsed: 0.051 s
