<?xml version="1.0" encoding="UTF-8"?>
<testsuite xmlns:xsi="http://www.w3.org/2001/XMLSchema-instance" xsi:noNamespaceSchemaLocation="https://maven.apache.org/surefire/maven-surefire-plugin/xsd/surefire-test-report-3.0.xsd" version="3.0" name="es.uma.informatica.practica3.Practica3ApplicationTests$BaseDatos1Ingrediente" time="2.138" tests="3" errors="0" skipped="0" failures="0">
  <properties>
[...]
</properties>
  <testcase name="testGlobal" classname="es.uma.informatica.practica3.Practica3ApplicationTests" time="1.419">
    <system-out><![CDATA[12:43:38.752 [main] INFO org.springframework.test.context.support.AnnotationConfigContextLoaderUtils -- Could not detect default configuration classes for test class [es.uma.informatica.practica3.Practica3ApplicationTests]: Practica3ApplicationTests does not declare any static, non-private, non-final, nested classes annotated with @Configuration.
12:43:38.972 [main] INFO org.springframework.boot.test.context.SpringBootTestContextBootstrapper -- Found @SpringBootConfiguration es.uma.informatica.practica3.Practica3Application for test class es.uma.informatica.practica3.Practica3ApplicationTests

  .   ____          _            __ _ _
 /\\ / ___'_ __ _ _(_)_ __  __ _ \ \ \ \
( ( )\___ | '_ | '_| | '_ \/ _` | \ \ \ \
 \\/  ___)| |_)| | | | | || (_| |  ) ) ) )
  '  |____| .__|_| |_|_| |_\__, | / / / /
 =========|_|==============|___/=/_/_/_/
 :: Spring Boot ::                (v3.2.5)

2024-05-03T12:43:39.699+02:00  INFO 42110 --- [           main] e.u.i.p.Practica3ApplicationTests        : Starting Practica3ApplicationTests using Java 21.0.2 with PID 42110 (started by javimp2003 in /home/javimp2003/UMA3eroFiles/Sistemas de Información para Internet/REST/codigo-estudiantes)
2024-05-03T12:43:39.702+02:00  INFO 42110 --- [           main] e.u.i.p.Practica3ApplicationTests        : No active profile set, falling back to 1 default profile: "default"
2024-05-03T12:43:40.675+02:00  INFO 42110 --- [           main] .s.d.r.c.RepositoryConfigurationDelegate : Bootstrapping Spring Data JPA repositories in DEFAULT mode.
2024-05-03T12:43:40.739+02:00  INFO 42110 --- [           main] .s.d.r.c.RepositoryConfigurationDelegate : Finished Spring Data repository scanning in 53 ms. Found 2 JPA repository interfaces.
2024-05-03T12:43:41.558+02:00  INFO 42110 --- [           main] o.s.b.w.embedded.tomcat.TomcatWebServer  : Tomcat initialized with port 0 (http)
2024-05-03T12:43:41.578+02:00  INFO 42110 --- [           main] o.apache.catalina.core.StandardService   : Starting service [Tomcat]
2024-05-03T12:43:41.578+02:00  INFO 42110 --- [           main] o.apache.catalina.core.StandardEngine    : Starting Servlet engine: [Apache Tomcat/10.1.20]
2024-05-03T12:43:41.641+02:00  INFO 42110 --- [           main] o.a.c.c.C.[Tomcat].[localhost].[/]       : Initializing Spring embedded WebApplicationContext
2024-05-03T12:43:41.642+02:00  INFO 42110 --- [           main] w.s.c.ServletWebServerApplicationContext : Root WebApplicationContext: initialization completed in 1899 ms
2024-05-03T12:43:41.709+02:00  INFO 42110 --- [           main] com.zaxxer.hikari.HikariDataSource       : HikariPool-1 - Starting...
2024-05-03T12:43:42.130+02:00  INFO 42110 --- [           main] com.zaxxer.hikari.pool.HikariPool        : HikariPool-1 - Added connection conn0: url=jdbc:h2:mem:test user=SA
2024-05-03T12:43:42.134+02:00  INFO 42110 --- [           main] com.zaxxer.hikari.HikariDataSource       : HikariPool-1 - Start completed.
2024-05-03T12:43:42.155+02:00  INFO 42110 --- [           main] o.s.b.a.h2.H2ConsoleAutoConfiguration    : H2 console available at '/h2-console'. Database available at 'jdbc:h2:mem:test'
2024-05-03T12:43:42.414+02:00  INFO 42110 --- [           main] o.hibernate.jpa.internal.util.LogHelper  : HHH000204: Processing PersistenceUnitInfo [name: default]
2024-05-03T12:43:42.541+02:00  INFO 42110 --- [           main] org.hibernate.Version                    : HHH000412: Hibernate ORM core version 6.4.4.Final
2024-05-03T12:43:42.605+02:00  INFO 42110 --- [           main] o.h.c.internal.RegionFactoryInitiator    : HHH000026: Second-level cache disabled
2024-05-03T12:43:42.994+02:00  INFO 42110 --- [           main] o.s.o.j.p.SpringPersistenceUnitInfo      : No LoadTimeWeaver setup: ignoring JPA class transformer
2024-05-03T12:43:43.069+02:00  WARN 42110 --- [           main] org.hibernate.orm.deprecation            : HHH90000025: H2Dialect does not need to be specified explicitly using 'hibernate.dialect' (remove the property setting and it will be selected by default)
2024-05-03T12:43:44.445+02:00  INFO 42110 --- [           main] o.h.e.t.j.p.i.JtaPlatformInitiator       : HHH000489: No JTA platform available (set 'hibernate.transaction.jta.platform' to enable JTA platform integration)
2024-05-03T12:43:44.498+02:00  INFO 42110 --- [           main] j.LocalContainerEntityManagerFactoryBean : Initialized JPA EntityManagerFactory for persistence unit 'default'
2024-05-03T12:43:44.990+02:00  WARN 42110 --- [           main] JpaBaseConfiguration$JpaWebConfiguration : spring.jpa.open-in-view is enabled by default. Therefore, database queries may be performed during view rendering. Explicitly configure spring.jpa.open-in-view to disable this warning
2024-05-03T12:43:45.529+02:00  INFO 42110 --- [           main] o.s.b.w.embedded.tomcat.TomcatWebServer  : Tomcat started on port 36269 (http) with context path ''
2024-05-03T12:43:45.538+02:00  INFO 42110 --- [           main] e.u.i.p.Practica3ApplicationTests        : Started Practica3ApplicationTests in 6.303 seconds (process running for 8.085)

  .   ____          _            __ _ _
 /\\ / ___'_ __ _ _(_)_ __  __ _ \ \ \ \
( ( )\___ | '_ | '_| | '_ \/ _` | \ \ \ \
 \\/  ___)| |_)| | | | | || (_| |  ) ) ) )
  '  |____| .__|_| |_|_| |_\__, | / / / /
 =========|_|==============|___/=/_/_/_/
 :: Spring Boot ::                (v3.2.5)

2024-05-03T12:43:46.181+02:00  INFO 42110 --- [           main] e.u.i.practica3.Practica3Application     : Starting Practica3Application using Java 21.0.2 with PID 42110 (started by javimp2003 in /home/javimp2003/UMA3eroFiles/Sistemas de Información para Internet/REST/codigo-estudiantes)
2024-05-03T12:43:46.181+02:00  INFO 42110 --- [           main] e.u.i.practica3.Practica3Application     : No active profile set, falling back to 1 default profile: "default"
2024-05-03T12:43:46.376+02:00  INFO 42110 --- [           main] .s.d.r.c.RepositoryConfigurationDelegate : Bootstrapping Spring Data JPA repositories in DEFAULT mode.
2024-05-03T12:43:46.391+02:00  INFO 42110 --- [           main] .s.d.r.c.RepositoryConfigurationDelegate : Finished Spring Data repository scanning in 14 ms. Found 2 JPA repository interfaces.
2024-05-03T12:43:46.500+02:00  INFO 42110 --- [           main] o.s.b.w.embedded.tomcat.TomcatWebServer  : Tomcat initialized with port 8080 (http)
2024-05-03T12:43:46.501+02:00  INFO 42110 --- [           main] o.apache.catalina.core.StandardService   : Starting service [Tomcat]
2024-05-03T12:43:46.502+02:00  INFO 42110 --- [           main] o.apache.catalina.core.StandardEngine    : Starting Servlet engine: [Apache Tomcat/10.1.20]
2024-05-03T12:43:46.514+02:00  INFO 42110 --- [           main] o.a.c.c.C.[Tomcat-1].[localhost].[/]     : Initializing Spring embedded WebApplicationContext
2024-05-03T12:43:46.515+02:00  INFO 42110 --- [           main] w.s.c.ServletWebServerApplicationContext : Root WebApplicationContext: initialization completed in 332 ms
2024-05-03T12:43:46.532+02:00  INFO 42110 --- [           main] com.zaxxer.hikari.HikariDataSource       : HikariPool-2 - Starting...
2024-05-03T12:43:46.533+02:00  INFO 42110 --- [           main] com.zaxxer.hikari.pool.HikariPool        : HikariPool-2 - Added connection conn10: url=jdbc:h2:mem:test user=SA
2024-05-03T12:43:46.534+02:00  INFO 42110 --- [           main] com.zaxxer.hikari.HikariDataSource       : HikariPool-2 - Start completed.
2024-05-03T12:43:46.534+02:00  INFO 42110 --- [           main] o.s.b.a.h2.H2ConsoleAutoConfiguration    : H2 console available at '/h2-console'. Database available at 'jdbc:h2:mem:test'
2024-05-03T12:43:46.564+02:00  INFO 42110 --- [           main] o.hibernate.jpa.internal.util.LogHelper  : HHH000204: Processing PersistenceUnitInfo [name: default]
2024-05-03T12:43:46.566+02:00  INFO 42110 --- [           main] o.h.c.internal.RegionFactoryInitiator    : HHH000026: Second-level cache disabled
2024-05-03T12:43:46.570+02:00  INFO 42110 --- [           main] o.s.o.j.p.SpringPersistenceUnitInfo      : No LoadTimeWeaver setup: ignoring JPA class transformer
2024-05-03T12:43:46.573+02:00  WARN 42110 --- [           main] org.hibernate.orm.deprecation            : HHH90000025: H2Dialect does not need to be specified explicitly using 'hibernate.dialect' (remove the property setting and it will be selected by default)
2024-05-03T12:43:46.658+02:00  INFO 42110 --- [           main] o.h.e.t.j.p.i.JtaPlatformInitiator       : HHH000489: No JTA platform available (set 'hibernate.transaction.jta.platform' to enable JTA platform integration)
2024-05-03T12:43:46.693+02:00  INFO 42110 --- [           main] j.LocalContainerEntityManagerFactoryBean : Initialized JPA EntityManagerFactory for persistence unit 'default'
2024-05-03T12:43:46.765+02:00  WARN 42110 --- [           main] JpaBaseConfiguration$JpaWebConfiguration : spring.jpa.open-in-view is enabled by default. Therefore, database queries may be performed during view rendering. Explicitly configure spring.jpa.open-in-view to disable this warning
2024-05-03T12:43:46.925+02:00  INFO 42110 --- [           main] o.s.b.w.embedded.tomcat.TomcatWebServer  : Tomcat started on port 8080 (http) with context path ''
2024-05-03T12:43:46.930+02:00  INFO 42110 --- [           main] e.u.i.practica3.Practica3Application     : Started Practica3Application in 0.764 seconds (process running for 9.476)
2024-05-03T12:43:46.947+02:00  INFO 42110 --- [           main] j.LocalContainerEntityManagerFactoryBean : Closing JPA EntityManagerFactory for persistence unit 'default'
2024-05-03T12:43:46.954+02:00  INFO 42110 --- [           main] com.zaxxer.hikari.HikariDataSource       : HikariPool-1 - Shutdown initiated...
2024-05-03T12:43:46.956+02:00  INFO 42110 --- [           main] com.zaxxer.hikari.HikariDataSource       : HikariPool-1 - Shutdown completed.
]]></system-out>
    <system-err><![CDATA[WARNING: A Java agent has been loaded dynamically (/home/javimp2003/.m2/repository/net/bytebuddy/byte-buddy-agent/1.14.13/byte-buddy-agent-1.14.13.jar)
WARNING: If a serviceability tool is in use, please run with -XX:+EnableDynamicAgentLoading to hide this warning
WARNING: If a serviceability tool is not in use, please run with -Djdk.instrument.traceUsage for more information
WARNING: Dynamic loading of agents will be disallowed by default in a future release
]]></system-err>
  </testcase>
  <testcase name="eliminarIngrediente" classname="es.uma.informatica.practica3.Practica3ApplicationTests$BaseDatos1Ingrediente" time="0.817">
    <system-out><![CDATA[2024-05-03T12:43:46.977+02:00  INFO 42110 --- [           main] t.c.s.AnnotationConfigContextLoaderUtils : Could not detect default configuration classes for test class [es.uma.informatica.practica3.Practica3ApplicationTests$BaseDatos1Ingrediente]: BaseDatos1Ingrediente does not declare any static, non-private, non-final, nested classes annotated with @Configuration.
2024-05-03T12:43:46.982+02:00  INFO 42110 --- [           main] .b.t.c.SpringBootTestContextBootstrapper : Found @SpringBootConfiguration es.uma.informatica.practica3.Practica3Application for test class es.uma.informatica.practica3.Practica3ApplicationTests$BaseDatos1Ingrediente

  .   ____          _            __ _ _
 /\\ / ___'_ __ _ _(_)_ __  __ _ \ \ \ \
( ( )\___ | '_ | '_| | '_ \/ _` | \ \ \ \
 \\/  ___)| |_)| | | | | || (_| |  ) ) ) )
  '  |____| .__|_| |_|_| |_\__, | / / / /
 =========|_|==============|___/=/_/_/_/
 :: Spring Boot ::                (v3.2.5)

2024-05-03T12:43:47.009+02:00  INFO 42110 --- [           main] e.u.i.p.Practica3ApplicationTests        : Starting Practica3ApplicationTests using Java 21.0.2 with PID 42110 (started by javimp2003 in /home/javimp2003/UMA3eroFiles/Sistemas de Información para Internet/REST/codigo-estudiantes)
2024-05-03T12:43:47.009+02:00  INFO 42110 --- [           main] e.u.i.p.Practica3ApplicationTests        : No active profile set, falling back to 1 default profile: "default"
2024-05-03T12:43:47.147+02:00  INFO 42110 --- [           main] .s.d.r.c.RepositoryConfigurationDelegate : Bootstrapping Spring Data JPA repositories in DEFAULT mode.
2024-05-03T12:43:47.155+02:00  INFO 42110 --- [           main] .s.d.r.c.RepositoryConfigurationDelegate : Finished Spring Data repository scanning in 7 ms. Found 2 JPA repository interfaces.
2024-05-03T12:43:47.244+02:00  INFO 42110 --- [           main] o.s.b.w.embedded.tomcat.TomcatWebServer  : Tomcat initialized with port 0 (http)
2024-05-03T12:43:47.245+02:00  INFO 42110 --- [           main] o.apache.catalina.core.StandardService   : Starting service [Tomcat]
2024-05-03T12:43:47.245+02:00  INFO 42110 --- [           main] o.apache.catalina.core.StandardEngine    : Starting Servlet engine: [Apache Tomcat/10.1.20]
2024-05-03T12:43:47.255+02:00  INFO 42110 --- [           main] o.a.c.c.C.[Tomcat-1].[localhost].[/]     : Initializing Spring embedded WebApplicationContext
2024-05-03T12:43:47.255+02:00  INFO 42110 --- [           main] w.s.c.ServletWebServerApplicationContext : Root WebApplicationContext: initialization completed in 244 ms
2024-05-03T12:43:47.268+02:00  INFO 42110 --- [           main] com.zaxxer.hikari.HikariDataSource       : HikariPool-3 - Starting...
2024-05-03T12:43:47.270+02:00  INFO 42110 --- [           main] com.zaxxer.hikari.pool.HikariPool        : HikariPool-3 - Added connection conn20: url=jdbc:h2:mem:test user=SA
2024-05-03T12:43:47.270+02:00  INFO 42110 --- [           main] com.zaxxer.hikari.HikariDataSource       : HikariPool-3 - Start completed.
2024-05-03T12:43:47.271+02:00  INFO 42110 --- [           main] o.s.b.a.h2.H2ConsoleAutoConfiguration    : H2 console available at '/h2-console'. Database available at 'jdbc:h2:mem:test'
2024-05-03T12:43:47.303+02:00  INFO 42110 --- [           main] o.hibernate.jpa.internal.util.LogHelper  : HHH000204: Processing PersistenceUnitInfo [name: default]
2024-05-03T12:43:47.305+02:00  INFO 42110 --- [           main] o.h.c.internal.RegionFactoryInitiator    : HHH000026: Second-level cache disabled
2024-05-03T12:43:47.308+02:00  INFO 42110 --- [           main] o.s.o.j.p.SpringPersistenceUnitInfo      : No LoadTimeWeaver setup: ignoring JPA class transformer
2024-05-03T12:43:47.309+02:00  WARN 42110 --- [           main] org.hibernate.orm.deprecation            : HHH90000025: H2Dialect does not need to be specified explicitly using 'hibernate.dialect' (remove the property setting and it will be selected by default)
2024-05-03T12:43:47.355+02:00  INFO 42110 --- [           main] o.h.e.t.j.p.i.JtaPlatformInitiator       : HHH000489: No JTA platform available (set 'hibernate.transaction.jta.platform' to enable JTA platform integration)
2024-05-03T12:43:47.366+02:00  INFO 42110 --- [           main] j.LocalContainerEntityManagerFactoryBean : Initialized JPA EntityManagerFactory for persistence unit 'default'
2024-05-03T12:43:47.431+02:00  WARN 42110 --- [           main] JpaBaseConfiguration$JpaWebConfiguration : spring.jpa.open-in-view is enabled by default. Therefore, database queries may be performed during view rendering. Explicitly configure spring.jpa.open-in-view to disable this warning
2024-05-03T12:43:47.543+02:00  INFO 42110 --- [           main] o.s.b.w.embedded.tomcat.TomcatWebServer  : Tomcat started on port 37975 (http) with context path ''
2024-05-03T12:43:47.546+02:00  INFO 42110 --- [           main] e.u.i.p.Practica3ApplicationTests        : Started Practica3ApplicationTests in 0.558 seconds (process running for 10.092)
2024-05-03T12:43:47.753+02:00  INFO 42110 --- [o-auto-2-exec-1] o.a.c.c.C.[Tomcat-1].[localhost].[/]     : Initializing Spring DispatcherServlet 'dispatcherServlet'
2024-05-03T12:43:47.753+02:00  INFO 42110 --- [o-auto-2-exec-1] o.s.web.servlet.DispatcherServlet        : Initializing Servlet 'dispatcherServlet'
2024-05-03T12:43:47.754+02:00  INFO 42110 --- [o-auto-2-exec-1] o.s.web.servlet.DispatcherServlet        : Completed initialization in 1 ms
2024-05-03T12:43:48.361+02:00  INFO 42110 --- [           main] j.LocalContainerEntityManagerFactoryBean : Closing JPA EntityManagerFactory for persistence unit 'default'
2024-05-03T12:43:48.364+02:00  INFO 42110 --- [           main] com.zaxxer.hikari.HikariDataSource       : HikariPool-3 - Shutdown initiated...
2024-05-03T12:43:48.365+02:00  INFO 42110 --- [           main] com.zaxxer.hikari.HikariDataSource       : HikariPool-3 - Shutdown completed.
]]></system-out>
  </testcase>
  <testcase name="aniadirExistente" classname="es.uma.informatica.practica3.Practica3ApplicationTests$BaseDatos1Ingrediente" time="0.135">
    <system-out><![CDATA[
  .   ____          _            __ _ _
 /\\ / ___'_ __ _ _(_)_ __  __ _ \ \ \ \
( ( )\___ | '_ | '_| | '_ \/ _` | \ \ \ \
 \\/  ___)| |_)| | | | | || (_| |  ) ) ) )
  '  |____| .__|_| |_|_| |_\__, | / / / /
 =========|_|==============|___/=/_/_/_/
 :: Spring Boot ::                (v3.2.5)

2024-05-03T12:43:48.396+02:00  INFO 42110 --- [           main] e.u.i.p.Practica3ApplicationTests        : Starting Practica3ApplicationTests using Java 21.0.2 with PID 42110 (started by javimp2003 in /home/javimp2003/UMA3eroFiles/Sistemas de Información para Internet/REST/codigo-estudiantes)
2024-05-03T12:43:48.397+02:00  INFO 42110 --- [           main] e.u.i.p.Practica3ApplicationTests        : No active profile set, falling back to 1 default profile: "default"
2024-05-03T12:43:48.570+02:00  INFO 42110 --- [           main] .s.d.r.c.RepositoryConfigurationDelegate : Bootstrapping Spring Data JPA repositories in DEFAULT mode.
2024-05-03T12:43:48.579+02:00  INFO 42110 --- [           main] .s.d.r.c.RepositoryConfigurationDelegate : Finished Spring Data repository scanning in 8 ms. Found 2 JPA repository interfaces.
2024-05-03T12:43:48.659+02:00  INFO 42110 --- [           main] o.s.b.w.embedded.tomcat.TomcatWebServer  : Tomcat initialized with port 0 (http)
2024-05-03T12:43:48.660+02:00  INFO 42110 --- [           main] o.apache.catalina.core.StandardService   : Starting service [Tomcat]
2024-05-03T12:43:48.661+02:00  INFO 42110 --- [           main] o.apache.catalina.core.StandardEngine    : Starting Servlet engine: [Apache Tomcat/10.1.20]
2024-05-03T12:43:48.672+02:00  INFO 42110 --- [           main] o.a.c.c.C.[Tomcat-1].[localhost].[/]     : Initializing Spring embedded WebApplicationContext
2024-05-03T12:43:48.672+02:00  INFO 42110 --- [           main] w.s.c.ServletWebServerApplicationContext : Root WebApplicationContext: initialization completed in 272 ms
2024-05-03T12:43:48.689+02:00  INFO 42110 --- [           main] com.zaxxer.hikari.HikariDataSource       : HikariPool-4 - Starting...
2024-05-03T12:43:48.691+02:00  INFO 42110 --- [           main] com.zaxxer.hikari.pool.HikariPool        : HikariPool-4 - Added connection conn30: url=jdbc:h2:mem:test user=SA
2024-05-03T12:43:48.691+02:00  INFO 42110 --- [           main] com.zaxxer.hikari.HikariDataSource       : HikariPool-4 - Start completed.
2024-05-03T12:43:48.692+02:00  INFO 42110 --- [           main] o.s.b.a.h2.H2ConsoleAutoConfiguration    : H2 console available at '/h2-console'. Database available at 'jdbc:h2:mem:test'
2024-05-03T12:43:48.714+02:00  INFO 42110 --- [           main] o.hibernate.jpa.internal.util.LogHelper  : HHH000204: Processing PersistenceUnitInfo [name: default]
2024-05-03T12:43:48.716+02:00  INFO 42110 --- [           main] o.h.c.internal.RegionFactoryInitiator    : HHH000026: Second-level cache disabled
2024-05-03T12:43:48.719+02:00  INFO 42110 --- [           main] o.s.o.j.p.SpringPersistenceUnitInfo      : No LoadTimeWeaver setup: ignoring JPA class transformer
2024-05-03T12:43:48.720+02:00  WARN 42110 --- [           main] org.hibernate.orm.deprecation            : HHH90000025: H2Dialect does not need to be specified explicitly using 'hibernate.dialect' (remove the property setting and it will be selected by default)
2024-05-03T12:43:48.767+02:00  INFO 42110 --- [           main] o.h.e.t.j.p.i.JtaPlatformInitiator       : HHH000489: No JTA platform available (set 'hibernate.transaction.jta.platform' to enable JTA platform integration)
2024-05-03T12:43:48.780+02:00  INFO 42110 --- [           main] j.LocalContainerEntityManagerFactoryBean : Initialized JPA EntityManagerFactory for persistence unit 'default'
2024-05-03T12:43:48.840+02:00  WARN 42110 --- [           main] JpaBaseConfiguration$JpaWebConfiguration : spring.jpa.open-in-view is enabled by default. Therefore, database queries may be performed during view rendering. Explicitly configure spring.jpa.open-in-view to disable this warning
2024-05-03T12:43:48.962+02:00  INFO 42110 --- [           main] o.s.b.w.embedded.tomcat.TomcatWebServer  : Tomcat started on port 44601 (http) with context path ''
2024-05-03T12:43:48.970+02:00  INFO 42110 --- [           main] e.u.i.p.Practica3ApplicationTests        : Started Practica3ApplicationTests in 0.599 seconds (process running for 11.516)
2024-05-03T12:43:49.018+02:00  INFO 42110 --- [o-auto-3-exec-1] o.a.c.c.C.[Tomcat-1].[localhost].[/]     : Initializing Spring DispatcherServlet 'dispatcherServlet'
2024-05-03T12:43:49.019+02:00  INFO 42110 --- [o-auto-3-exec-1] o.s.web.servlet.DispatcherServlet        : Initializing Servlet 'dispatcherServlet'
2024-05-03T12:43:49.020+02:00  INFO 42110 --- [o-auto-3-exec-1] o.s.web.servlet.DispatcherServlet        : Completed initialization in 1 ms
2024-05-03T12:43:49.100+02:00  INFO 42110 --- [           main] j.LocalContainerEntityManagerFactoryBean : Closing JPA EntityManagerFactory for persistence unit 'default'
2024-05-03T12:43:49.104+02:00  INFO 42110 --- [           main] com.zaxxer.hikari.HikariDataSource       : HikariPool-4 - Shutdown initiated...
2024-05-03T12:43:49.105+02:00  INFO 42110 --- [           main] com.zaxxer.hikari.HikariDataSource       : HikariPool-4 - Shutdown completed.
]]></system-out>
  </testcase>
</testsuite>